{"level":"info","message":"Listening on port 3001..."}
{"level":"info","message":"Connected to mongodb+srv://finance-app:finance-app@cluster0.wk8q8.mongodb.net/finance-app?retryWrites=true&w=majority..."}
{"level":"error","message":"Stocks is not defined Stocks is not defined","stack":"ReferenceError: Stocks is not defined\n    at C:\\Users\\devrj\\finance-app\\app\\routes\\users.js:110:15\n    at newFn (C:\\Users\\devrj\\finance-app\\app\\node_modules\\express-async-errors\\index.js:16:20)\n    at Layer.handle [as handle_request] (C:\\Users\\devrj\\finance-app\\app\\node_modules\\express\\lib\\router\\layer.js:95:5)\n    at next (C:\\Users\\devrj\\finance-app\\app\\node_modules\\express\\lib\\router\\route.js:137:13)\n    at module.exports (C:\\Users\\devrj\\finance-app\\app\\middleware\\auth.js:5:43)\n    at newFn (C:\\Users\\devrj\\finance-app\\app\\node_modules\\express-async-errors\\index.js:16:20)\n    at Layer.handle [as handle_request] (C:\\Users\\devrj\\finance-app\\app\\node_modules\\express\\lib\\router\\layer.js:95:5)\n    at next (C:\\Users\\devrj\\finance-app\\app\\node_modules\\express\\lib\\router\\route.js:137:13)\n    at Route.dispatch (C:\\Users\\devrj\\finance-app\\app\\node_modules\\express\\lib\\router\\route.js:112:3)\n    at newFn (C:\\Users\\devrj\\finance-app\\app\\node_modules\\express-async-errors\\index.js:16:20)"}
{"level":"info","message":"Listening on port 3001..."}
{"level":"info","message":"Connected to mongodb+srv://finance-app:finance-app@cluster0.wk8q8.mongodb.net/finance-app?retryWrites=true&w=majority..."}
{"level":"error","message":"Stocks is not defined Stocks is not defined","stack":"ReferenceError: Stocks is not defined\n    at C:\\Users\\devrj\\finance-app\\app\\routes\\users.js:110:15\n    at newFn (C:\\Users\\devrj\\finance-app\\app\\node_modules\\express-async-errors\\index.js:16:20)\n    at Layer.handle [as handle_request] (C:\\Users\\devrj\\finance-app\\app\\node_modules\\express\\lib\\router\\layer.js:95:5)\n    at next (C:\\Users\\devrj\\finance-app\\app\\node_modules\\express\\lib\\router\\route.js:137:13)\n    at Route.dispatch (C:\\Users\\devrj\\finance-app\\app\\node_modules\\express\\lib\\router\\route.js:112:3)\n    at newFn (C:\\Users\\devrj\\finance-app\\app\\node_modules\\express-async-errors\\index.js:16:20)\n    at Layer.handle [as handle_request] (C:\\Users\\devrj\\finance-app\\app\\node_modules\\express\\lib\\router\\layer.js:95:5)\n    at C:\\Users\\devrj\\finance-app\\app\\node_modules\\express\\lib\\router\\index.js:281:22\n    at param (C:\\Users\\devrj\\finance-app\\app\\node_modules\\express\\lib\\router\\index.js:360:14)\n    at param (C:\\Users\\devrj\\finance-app\\app\\node_modules\\express\\lib\\router\\index.js:371:14)"}
{"level":"info","message":"Listening on port 3001..."}
{"level":"info","message":"Connected to mongodb+srv://finance-app:finance-app@cluster0.wk8q8.mongodb.net/finance-app?retryWrites=true&w=majority..."}
{"level":"info","message":"Listening on port 3001..."}
{"level":"info","message":"Connected to mongodb+srv://finance-app:finance-app@cluster0.wk8q8.mongodb.net/finance-app?retryWrites=true&w=majority..."}
{"level":"info","message":"Listening on port 3001..."}
{"level":"info","message":"Connected to mongodb+srv://finance-app:finance-app@cluster0.wk8q8.mongodb.net/finance-app?retryWrites=true&w=majority..."}
{"level":"info","message":"Listening on port 3001..."}
{"level":"info","message":"Connected to mongodb+srv://finance-app:finance-app@cluster0.wk8q8.mongodb.net/finance-app?retryWrites=true&w=majority..."}
{"level":"info","message":"Listening on port 3001..."}
{"level":"info","message":"Connected to mongodb+srv://finance-app:finance-app@cluster0.wk8q8.mongodb.net/finance-app?retryWrites=true&w=majority..."}
{"level":"info","message":"Listening on port 3001..."}
{"level":"info","message":"Connected to mongodb+srv://finance-app:finance-app@cluster0.wk8q8.mongodb.net/finance-app?retryWrites=true&w=majority..."}
{"level":"info","message":"Listening on port 3001..."}
{"level":"info","message":"Connected to mongodb+srv://finance-app:finance-app@cluster0.wk8q8.mongodb.net/finance-app?retryWrites=true&w=majority..."}
{"level":"info","message":"Listening on port 3001..."}
{"level":"info","message":"Connected to mongodb+srv://finance-app:finance-app@cluster0.wk8q8.mongodb.net/finance-app?retryWrites=true&w=majority..."}
{"level":"info","message":"Listening on port 3001..."}
{"level":"info","message":"Connected to mongodb+srv://finance-app:finance-app@cluster0.wk8q8.mongodb.net/finance-app?retryWrites=true&w=majority..."}
{"level":"info","message":"Listening on port 3001..."}
{"level":"info","message":"Connected to mongodb+srv://finance-app:finance-app@cluster0.wk8q8.mongodb.net/finance-app?retryWrites=true&w=majority..."}
{"level":"info","message":"Listening on port 3001..."}
{"level":"info","message":"Connected to mongodb+srv://finance-app:finance-app@cluster0.wk8q8.mongodb.net/finance-app?retryWrites=true&w=majority..."}
{"level":"info","message":"Listening on port 3001..."}
{"level":"info","message":"Listening on port 3001..."}
{"level":"info","message":"Connected to mongodb+srv://finance-app:finance-app@cluster0.wk8q8.mongodb.net/finance-app?retryWrites=true&w=majority..."}
{"level":"info","message":"Listening on port 3001..."}
{"level":"info","message":"Connected to mongodb+srv://finance-app:finance-app@cluster0.wk8q8.mongodb.net/finance-app?retryWrites=true&w=majority..."}
{"level":"info","message":"Listening on port 3001..."}
{"level":"info","message":"Connected to mongodb+srv://finance-app:finance-app@cluster0.wk8q8.mongodb.net/finance-app?retryWrites=true&w=majority..."}
{"level":"info","message":"Listening on port 3001..."}
{"level":"info","message":"Connected to mongodb+srv://finance-app:finance-app@cluster0.wk8q8.mongodb.net/finance-app?retryWrites=true&w=majority..."}
{"level":"info","message":"Listening on port 3001..."}
{"level":"info","message":"Connected to mongodb+srv://finance-app:finance-app@cluster0.wk8q8.mongodb.net/finance-app?retryWrites=true&w=majority..."}
{"level":"info","message":"Listening on port 3001..."}
{"level":"info","message":"Connected to mongodb+srv://finance-app:finance-app@cluster0.wk8q8.mongodb.net/finance-app?retryWrites=true&w=majority..."}
{"level":"info","message":"Listening on port 3001..."}
{"level":"info","message":"Connected to mongodb+srv://finance-app:finance-app@cluster0.wk8q8.mongodb.net/finance-app?retryWrites=true&w=majority..."}
{"level":"info","message":"Listening on port 3001..."}
{"level":"info","message":"Connected to mongodb+srv://finance-app:finance-app@cluster0.wk8q8.mongodb.net/finance-app?retryWrites=true&w=majority..."}
{"level":"info","message":"Listening on port 3001..."}
{"level":"info","message":"Connected to mongodb+srv://finance-app:finance-app@cluster0.wk8q8.mongodb.net/finance-app?retryWrites=true&w=majority..."}
{"level":"info","message":"Listening on port 3001..."}
{"level":"info","message":"Connected to mongodb+srv://finance-app:finance-app@cluster0.wk8q8.mongodb.net/finance-app?retryWrites=true&w=majority..."}
{"level":"info","message":"Listening on port 3001..."}
{"level":"info","message":"Connected to mongodb+srv://finance-app:finance-app@cluster0.wk8q8.mongodb.net/finance-app?retryWrites=true&w=majority..."}
{"level":"info","message":"Listening on port 3001..."}
{"level":"info","message":"Connected to mongodb+srv://finance-app:finance-app@cluster0.wk8q8.mongodb.net/finance-app?retryWrites=true&w=majority..."}
{"level":"info","message":"Listening on port 3001..."}
{"level":"info","message":"Connected to mongodb+srv://finance-app:finance-app@cluster0.wk8q8.mongodb.net/finance-app?retryWrites=true&w=majority..."}
{"level":"info","message":"Listening on port 3001..."}
{"level":"info","message":"Connected to mongodb+srv://finance-app:finance-app@cluster0.wk8q8.mongodb.net/finance-app?retryWrites=true&w=majority..."}
{"level":"info","message":"Listening on port 3001..."}
{"level":"info","message":"Connected to mongodb+srv://finance-app:finance-app@cluster0.wk8q8.mongodb.net/finance-app?retryWrites=true&w=majority..."}
{"level":"info","message":"Listening on port 3001..."}
{"level":"info","message":"Connected to mongodb+srv://finance-app:finance-app@cluster0.wk8q8.mongodb.net/finance-app?retryWrites=true&w=majority..."}
{"level":"info","message":"Listening on port 3001..."}
{"level":"info","message":"Connected to mongodb+srv://finance-app:finance-app@cluster0.wk8q8.mongodb.net/finance-app?retryWrites=true&w=majority..."}
{"level":"info","message":"Listening on port 3001..."}
{"level":"info","message":"Connected to mongodb+srv://finance-app:finance-app@cluster0.wk8q8.mongodb.net/finance-app?retryWrites=true&w=majority..."}
{"level":"info","message":"Listening on port 3001..."}
{"level":"info","message":"Connected to mongodb+srv://finance-app:finance-app@cluster0.wk8q8.mongodb.net/finance-app?retryWrites=true&w=majority..."}
{"level":"info","message":"Listening on port 3001..."}
{"level":"info","message":"Connected to mongodb+srv://finance-app:finance-app@cluster0.wk8q8.mongodb.net/finance-app?retryWrites=true&w=majority..."}
{"level":"info","message":"Listening on port 3001..."}
{"level":"info","message":"Connected to mongodb+srv://finance-app:finance-app@cluster0.wk8q8.mongodb.net/finance-app?retryWrites=true&w=majority..."}
{"level":"info","message":"Listening on port 3001..."}
{"level":"info","message":"Connected to mongodb+srv://finance-app:finance-app@cluster0.wk8q8.mongodb.net/finance-app?retryWrites=true&w=majority..."}
{"level":"info","message":"Listening on port 3001..."}
{"level":"info","message":"Connected to mongodb+srv://finance-app:finance-app@cluster0.wk8q8.mongodb.net/finance-app?retryWrites=true&w=majority..."}
{"level":"info","message":"Listening on port 3001..."}
{"level":"info","message":"Connected to mongodb+srv://finance-app:finance-app@cluster0.wk8q8.mongodb.net/finance-app?retryWrites=true&w=majority..."}
{"level":"info","message":"Listening on port 3001..."}
{"level":"info","message":"Connected to mongodb+srv://finance-app:finance-app@cluster0.wk8q8.mongodb.net/finance-app?retryWrites=true&w=majority..."}
{"level":"info","message":"Listening on port 3001..."}
{"level":"info","message":"Connected to mongodb+srv://finance-app:finance-app@cluster0.wk8q8.mongodb.net/finance-app?retryWrites=true&w=majority..."}
{"level":"info","message":"Listening on port 3001..."}
{"level":"info","message":"Connected to mongodb+srv://finance-app:finance-app@cluster0.wk8q8.mongodb.net/finance-app?retryWrites=true&w=majority..."}
{"level":"info","message":"Listening on port 3001..."}
{"level":"info","message":"Connected to mongodb+srv://finance-app:finance-app@cluster0.wk8q8.mongodb.net/finance-app?retryWrites=true&w=majority..."}
{"level":"info","message":"Listening on port 3001..."}
{"level":"info","message":"Connected to mongodb+srv://finance-app:finance-app@cluster0.wk8q8.mongodb.net/finance-app?retryWrites=true&w=majority..."}
{"level":"info","message":"Listening on port 3001..."}
{"level":"info","message":"Connected to mongodb+srv://finance-app:finance-app@cluster0.wk8q8.mongodb.net/finance-app?retryWrites=true&w=majority..."}
{"level":"info","message":"Listening on port 3001..."}
{"level":"info","message":"Connected to mongodb+srv://finance-app:finance-app@cluster0.wk8q8.mongodb.net/finance-app?retryWrites=true&w=majority..."}
{"level":"info","message":"Listening on port 3001..."}
{"level":"info","message":"Connected to mongodb+srv://finance-app:finance-app@cluster0.wk8q8.mongodb.net/finance-app?retryWrites=true&w=majority..."}
{"level":"info","message":"Listening on port 3001..."}
{"level":"info","message":"Connected to mongodb+srv://finance-app:finance-app@cluster0.wk8q8.mongodb.net/finance-app?retryWrites=true&w=majority..."}
{"level":"error","message":"Cannot populate path `stocks` because it is not in your schema. Set the `strictPopulate` option to false to override. Cannot populate path `stocks` because it is not in your schema. Set the `strictPopulate` option to false to override.","stack":"MongooseError: Cannot populate path `stocks` because it is not in your schema. Set the `strictPopulate` option to false to override.\n    at getModelsMapForPopulate (C:\\Users\\devrj\\finance-app\\app\\node_modules\\mongoose\\lib\\helpers\\populate\\getModelsMapForPopulate.js:47:12)\n    at populate (C:\\Users\\devrj\\finance-app\\app\\node_modules\\mongoose\\lib\\model.js:4502:21)\n    at _populate (C:\\Users\\devrj\\finance-app\\app\\node_modules\\mongoose\\lib\\model.js:4462:5)\n    at C:\\Users\\devrj\\finance-app\\app\\node_modules\\mongoose\\lib\\model.js:4440:5\n    at promiseOrCallback (C:\\Users\\devrj\\finance-app\\app\\node_modules\\mongoose\\lib\\helpers\\promiseOrCallback.js:10:12)\n    at Mongoose._promiseOrCallback (C:\\Users\\devrj\\finance-app\\app\\node_modules\\mongoose\\lib\\index.js:1174:10)\n    at Function.Model.populate (C:\\Users\\devrj\\finance-app\\app\\node_modules\\mongoose\\lib\\model.js:4438:23)\n    at C:\\Users\\devrj\\finance-app\\app\\node_modules\\mongoose\\lib\\query.js:2433:11\n    at C:\\Users\\devrj\\finance-app\\app\\node_modules\\mongoose\\lib\\query.js:3222:21\n    at processTicksAndRejections (node:internal/process/task_queues:78:11)"}
{"level":"info","message":"Listening on port 3001..."}
{"level":"info","message":"Connected to mongodb+srv://finance-app:finance-app@cluster0.wk8q8.mongodb.net/finance-app?retryWrites=true&w=majority..."}
{"level":"error","message":"Could not connect to any servers in your MongoDB Atlas cluster. One common reason is that you're trying to access the database from an IP that isn't whitelisted. Make sure your current IP address is on your Atlas cluster's IP whitelist: https://docs.atlas.mongodb.com/security-whitelist/ Could not connect to any servers in your MongoDB Atlas cluster. One common reason is that you're trying to access the database from an IP that isn't whitelisted. Make sure your current IP address is on your Atlas cluster's IP whitelist: https://docs.atlas.mongodb.com/security-whitelist/","reason":{"commonWireVersion":13,"compatible":true,"heartbeatFrequencyMS":10000,"localThresholdMS":15,"maxElectionId":"7fffffff0000000000000071","maxSetVersion":8,"servers":{},"setName":"atlas-nhrq1d-shard-0","stale":false,"type":"ReplicaSetNoPrimary"},"stack":"MongooseServerSelectionError: Could not connect to any servers in your MongoDB Atlas cluster. One common reason is that you're trying to access the database from an IP that isn't whitelisted. Make sure your current IP address is on your Atlas cluster's IP whitelist: https://docs.atlas.mongodb.com/security-whitelist/\n    at Function.Model.$wrapCallback (C:\\Users\\devrj\\finance-app\\app\\node_modules\\mongoose\\lib\\model.js:5017:32)\n    at C:\\Users\\devrj\\finance-app\\app\\node_modules\\mongoose\\lib\\query.js:4686:21\n    at C:\\Users\\devrj\\finance-app\\app\\node_modules\\mongoose\\lib\\helpers\\promiseOrCallback.js:32:5\n    at new Promise (<anonymous>)\n    at promiseOrCallback (C:\\Users\\devrj\\finance-app\\app\\node_modules\\mongoose\\lib\\helpers\\promiseOrCallback.js:31:10)\n    at model.Query.exec (C:\\Users\\devrj\\finance-app\\app\\node_modules\\mongoose\\lib\\query.js:4685:10)\n    at model.Query.Query.then (C:\\Users\\devrj\\finance-app\\app\\node_modules\\mongoose\\lib\\query.js:4768:15)\n    at processTicksAndRejections (node:internal/process/task_queues:96:5)"}
{"level":"info","message":"Listening on port 3001..."}
{"level":"info","message":"Connected to mongodb+srv://finance-app:finance-app@cluster0.wk8q8.mongodb.net/finance-app?retryWrites=true&w=majority..."}
{"level":"info","message":"Listening on port 3001..."}
{"level":"info","message":"Connected to mongodb+srv://finance-app:finance-app@cluster0.wk8q8.mongodb.net/finance-app?retryWrites=true&w=majority..."}
{"level":"info","message":"Listening on port 3001..."}
{"level":"info","message":"Connected to mongodb+srv://finance-app:finance-app@cluster0.wk8q8.mongodb.net/finance-app?retryWrites=true&w=majority..."}
{"level":"info","message":"Listening on port 3001..."}
{"level":"info","message":"Connected to mongodb+srv://finance-app:finance-app@cluster0.wk8q8.mongodb.net/finance-app?retryWrites=true&w=majority..."}
{"level":"info","message":"Listening on port 3001..."}
{"level":"info","message":"Connected to mongodb+srv://finance-app:finance-app@cluster0.wk8q8.mongodb.net/finance-app?retryWrites=true&w=majority..."}
{"level":"info","message":"Listening on port 3001..."}
{"level":"info","message":"Connected to mongodb+srv://finance-app:finance-app@cluster0.wk8q8.mongodb.net/finance-app?retryWrites=true&w=majority..."}
{"level":"info","message":"Listening on port 3001..."}
{"level":"info","message":"Connected to mongodb+srv://finance-app:finance-app@cluster0.wk8q8.mongodb.net/finance-app?retryWrites=true&w=majority..."}
{"level":"info","message":"Listening on port 3001..."}
{"level":"info","message":"Connected to mongodb+srv://finance-app:finance-app@cluster0.wk8q8.mongodb.net/finance-app?retryWrites=true&w=majority..."}
{"level":"info","message":"Listening on port 3001..."}
{"level":"info","message":"Connected to mongodb+srv://finance-app:finance-app@cluster0.wk8q8.mongodb.net/finance-app?retryWrites=true&w=majority..."}
{"level":"info","message":"Listening on port 3001..."}
{"level":"info","message":"Connected to mongodb+srv://finance-app:finance-app@cluster0.wk8q8.mongodb.net/finance-app?retryWrites=true&w=majority..."}
{"kind":"ObjectId","level":"error","message":"Cast to ObjectId failed for value \"undefined\" (type string) at path \"_id\" for model \"Users\" Cast to ObjectId failed for value \"undefined\" (type string) at path \"_id\" for model \"Users\"","path":"_id","reason":{},"stack":"CastError: Cast to ObjectId failed for value \"undefined\" (type string) at path \"_id\" for model \"Users\"\n    at model.Query.exec (C:\\Users\\devrj\\finance-app\\app\\node_modules\\mongoose\\lib\\query.js:4669:21)\n    at model.Query.Query.then (C:\\Users\\devrj\\finance-app\\app\\node_modules\\mongoose\\lib\\query.js:4768:15)\n    at processTicksAndRejections (node:internal/process/task_queues:96:5)","stringValue":"\"undefined\"","value":"undefined","valueType":"string"}
{"level":"info","message":"Listening on port 3001..."}
{"level":"info","message":"Connected to mongodb+srv://finance-app:finance-app@cluster0.wk8q8.mongodb.net/finance-app?retryWrites=true&w=majority..."}
{"level":"info","message":"Listening on port 3001..."}
{"level":"info","message":"Connected to mongodb+srv://finance-app:finance-app@cluster0.wk8q8.mongodb.net/finance-app?retryWrites=true&w=majority..."}
{"kind":"ObjectId","level":"error","message":"Cast to ObjectId failed for value \"undefined\" (type string) at path \"_id\" for model \"Users\" Cast to ObjectId failed for value \"undefined\" (type string) at path \"_id\" for model \"Users\"","path":"_id","reason":{},"stack":"CastError: Cast to ObjectId failed for value \"undefined\" (type string) at path \"_id\" for model \"Users\"\n    at model.Query.exec (C:\\Users\\devrj\\finance-app\\app\\node_modules\\mongoose\\lib\\query.js:4669:21)\n    at model.Query.Query.then (C:\\Users\\devrj\\finance-app\\app\\node_modules\\mongoose\\lib\\query.js:4768:15)\n    at processTicksAndRejections (node:internal/process/task_queues:96:5)","stringValue":"\"undefined\"","value":"undefined","valueType":"string"}
{"level":"info","message":"Listening on port 3001..."}
{"level":"info","message":"Connected to mongodb+srv://finance-app:finance-app@cluster0.wk8q8.mongodb.net/finance-app?retryWrites=true&w=majority..."}
{"level":"info","message":"Listening on port 3001..."}
{"level":"info","message":"Connected to mongodb+srv://finance-app:finance-app@cluster0.wk8q8.mongodb.net/finance-app?retryWrites=true&w=majority..."}
{"kind":"ObjectId","level":"error","message":"Cast to ObjectId failed for value \"undefined\" (type string) at path \"_id\" for model \"Users\" Cast to ObjectId failed for value \"undefined\" (type string) at path \"_id\" for model \"Users\"","path":"_id","reason":{},"stack":"CastError: Cast to ObjectId failed for value \"undefined\" (type string) at path \"_id\" for model \"Users\"\n    at model.Query.exec (C:\\Users\\devrj\\finance-app\\app\\node_modules\\mongoose\\lib\\query.js:4669:21)\n    at model.Query.Query.then (C:\\Users\\devrj\\finance-app\\app\\node_modules\\mongoose\\lib\\query.js:4768:15)\n    at processTicksAndRejections (node:internal/process/task_queues:96:5)","stringValue":"\"undefined\"","value":"undefined","valueType":"string"}
{"level":"info","message":"Listening on port 3001..."}
{"level":"info","message":"Connected to mongodb+srv://finance-app:finance-app@cluster0.wk8q8.mongodb.net/finance-app?retryWrites=true&w=majority..."}
{"level":"info","message":"Listening on port 3001..."}
{"level":"info","message":"Connected to mongodb+srv://finance-app:finance-app@cluster0.wk8q8.mongodb.net/finance-app?retryWrites=true&w=majority..."}
{"kind":"ObjectId","level":"error","message":"Cast to ObjectId failed for value \"[object Object]\" (type string) at path \"_id\" for model \"Users\" Cast to ObjectId failed for value \"[object Object]\" (type string) at path \"_id\" for model \"Users\"","path":"_id","reason":{},"stack":"CastError: Cast to ObjectId failed for value \"[object Object]\" (type string) at path \"_id\" for model \"Users\"\n    at model.Query.exec (C:\\Users\\devrj\\finance-app\\app\\node_modules\\mongoose\\lib\\query.js:4669:21)\n    at model.Query.Query.then (C:\\Users\\devrj\\finance-app\\app\\node_modules\\mongoose\\lib\\query.js:4768:15)\n    at processTicksAndRejections (node:internal/process/task_queues:96:5)","stringValue":"\"[object Object]\"","value":"[object Object]","valueType":"string"}
{"kind":"ObjectId","level":"error","message":"Cast to ObjectId failed for value \"[object Object]\" (type string) at path \"_id\" for model \"Users\" Cast to ObjectId failed for value \"[object Object]\" (type string) at path \"_id\" for model \"Users\"","path":"_id","reason":{},"stack":"CastError: Cast to ObjectId failed for value \"[object Object]\" (type string) at path \"_id\" for model \"Users\"\n    at model.Query.exec (C:\\Users\\devrj\\finance-app\\app\\node_modules\\mongoose\\lib\\query.js:4669:21)\n    at model.Query.Query.then (C:\\Users\\devrj\\finance-app\\app\\node_modules\\mongoose\\lib\\query.js:4768:15)\n    at processTicksAndRejections (node:internal/process/task_queues:96:5)","stringValue":"\"[object Object]\"","value":"[object Object]","valueType":"string"}
{"level":"info","message":"Listening on port 3001..."}
{"level":"info","message":"Connected to mongodb+srv://finance-app:finance-app@cluster0.wk8q8.mongodb.net/finance-app?retryWrites=true&w=majority..."}
{"kind":"ObjectId","level":"error","message":"Cast to ObjectId failed for value \"undefined\" (type string) at path \"_id\" for model \"Users\" Cast to ObjectId failed for value \"undefined\" (type string) at path \"_id\" for model \"Users\"","path":"_id","reason":{},"stack":"CastError: Cast to ObjectId failed for value \"undefined\" (type string) at path \"_id\" for model \"Users\"\n    at model.Query.exec (C:\\Users\\devrj\\finance-app\\app\\node_modules\\mongoose\\lib\\query.js:4669:21)\n    at model.Query.Query.then (C:\\Users\\devrj\\finance-app\\app\\node_modules\\mongoose\\lib\\query.js:4768:15)\n    at processTicksAndRejections (node:internal/process/task_queues:96:5)","stringValue":"\"undefined\"","value":"undefined","valueType":"string"}
{"kind":"ObjectId","level":"error","message":"Cast to ObjectId failed for value \"undefined\" (type string) at path \"_id\" for model \"Users\" Cast to ObjectId failed for value \"undefined\" (type string) at path \"_id\" for model \"Users\"","path":"_id","reason":{},"stack":"CastError: Cast to ObjectId failed for value \"undefined\" (type string) at path \"_id\" for model \"Users\"\n    at model.Query.exec (C:\\Users\\devrj\\finance-app\\app\\node_modules\\mongoose\\lib\\query.js:4669:21)\n    at model.Query.Query.then (C:\\Users\\devrj\\finance-app\\app\\node_modules\\mongoose\\lib\\query.js:4768:15)\n    at processTicksAndRejections (node:internal/process/task_queues:96:5)","stringValue":"\"undefined\"","value":"undefined","valueType":"string"}
{"level":"info","message":"Listening on port 3001..."}
{"level":"info","message":"Connected to mongodb+srv://finance-app:finance-app@cluster0.wk8q8.mongodb.net/finance-app?retryWrites=true&w=majority..."}
{"level":"info","message":"Listening on port 3001..."}
{"level":"info","message":"Connected to mongodb+srv://finance-app:finance-app@cluster0.wk8q8.mongodb.net/finance-app?retryWrites=true&w=majority..."}
{"level":"info","message":"Listening on port 3001..."}
{"level":"info","message":"Connected to mongodb+srv://finance-app:finance-app@cluster0.wk8q8.mongodb.net/finance-app?retryWrites=true&w=majority..."}
{"level":"info","message":"Listening on port 3001..."}
{"level":"info","message":"Connected to mongodb+srv://finance-app:finance-app@cluster0.wk8q8.mongodb.net/finance-app?retryWrites=true&w=majority..."}
{"level":"info","message":"Listening on port 3001..."}
{"level":"info","message":"Connected to mongodb+srv://finance-app:finance-app@cluster0.wk8q8.mongodb.net/finance-app?retryWrites=true&w=majority..."}
{"level":"info","message":"Listening on port 3001..."}
{"level":"info","message":"Connected to mongodb+srv://finance-app:finance-app@cluster0.wk8q8.mongodb.net/finance-app?retryWrites=true&w=majority..."}
{"level":"info","message":"Listening on port 3001..."}
{"level":"info","message":"Connected to mongodb+srv://finance-app:finance-app@cluster0.wk8q8.mongodb.net/finance-app?retryWrites=true&w=majority..."}
{"level":"info","message":"Listening on port 3001..."}
{"level":"info","message":"Connected to mongodb+srv://finance-app:finance-app@cluster0.wk8q8.mongodb.net/finance-app?retryWrites=true&w=majority..."}
{"level":"info","message":"Listening on port 3001..."}
{"level":"info","message":"Connected to mongodb+srv://finance-app:finance-app@cluster0.wk8q8.mongodb.net/finance-app?retryWrites=true&w=majority..."}
{"level":"info","message":"Listening on port 3001..."}
{"level":"info","message":"Connected to mongodb+srv://finance-app:finance-app@cluster0.wk8q8.mongodb.net/finance-app?retryWrites=true&w=majority..."}
{"kind":"ObjectId","level":"error","message":"Cast to ObjectId failed for value \"undefined\" (type string) at path \"_id\" for model \"Users\" Cast to ObjectId failed for value \"undefined\" (type string) at path \"_id\" for model \"Users\"","path":"_id","reason":{},"stack":"CastError: Cast to ObjectId failed for value \"undefined\" (type string) at path \"_id\" for model \"Users\"\n    at model.Query.exec (C:\\Users\\devrj\\finance-app\\app\\node_modules\\mongoose\\lib\\query.js:4669:21)\n    at model.Query.Query.then (C:\\Users\\devrj\\finance-app\\app\\node_modules\\mongoose\\lib\\query.js:4768:15)\n    at processTicksAndRejections (node:internal/process/task_queues:96:5)","stringValue":"\"undefined\"","value":"undefined","valueType":"string"}
{"level":"info","message":"Listening on port 3001..."}
{"level":"error","message":"Operation `users.findOne()` buffering timed out after 10000ms Operation `users.findOne()` buffering timed out after 10000ms","stack":"MongooseError: Operation `users.findOne()` buffering timed out after 10000ms\n    at Timeout.<anonymous> (C:\\Users\\devrj\\finance-app\\app\\node_modules\\mongoose\\lib\\drivers\\node-mongodb-native\\collection.js:151:23)\n    at listOnTimeout (node:internal/timers:557:17)\n    at processTimers (node:internal/timers:500:7)"}
{"level":"info","message":"Connected to mongodb+srv://finance-app:finance-app@cluster0.wk8q8.mongodb.net/finance-app?retryWrites=true&w=majority..."}
{"level":"info","message":"Listening on port 3001..."}
{"level":"info","message":"Connected to mongodb+srv://finance-app:finance-app@cluster0.wk8q8.mongodb.net/finance-app?retryWrites=true&w=majority..."}
{"level":"info","message":"Listening on port 3001..."}
{"level":"info","message":"Connected to mongodb+srv://finance-app:finance-app@cluster0.wk8q8.mongodb.net/finance-app?retryWrites=true&w=majority..."}
{"level":"info","message":"Listening on port 3001..."}
{"level":"info","message":"Connected to mongodb+srv://finance-app:finance-app@cluster0.wk8q8.mongodb.net/finance-app?retryWrites=true&w=majority..."}
{"level":"error","message":"user.save(...).populate is not a function user.save(...).populate is not a function","stack":"TypeError: user.save(...).populate is not a function\n    at C:\\Users\\devrj\\finance-app\\app\\routes\\users.js:123:28\n    at processTicksAndRejections (node:internal/process/task_queues:96:5)"}
{"level":"info","message":"Listening on port 3001..."}
{"level":"info","message":"Connected to mongodb+srv://finance-app:finance-app@cluster0.wk8q8.mongodb.net/finance-app?retryWrites=true&w=majority..."}
{"kind":"ObjectId","level":"error","message":"Cast to ObjectId failed for value \"undefined\" (type string) at path \"_id\" for model \"Users\" Cast to ObjectId failed for value \"undefined\" (type string) at path \"_id\" for model \"Users\"","path":"_id","reason":{},"stack":"CastError: Cast to ObjectId failed for value \"undefined\" (type string) at path \"_id\" for model \"Users\"\n    at model.Query.exec (C:\\Users\\devrj\\finance-app\\app\\node_modules\\mongoose\\lib\\query.js:4669:21)\n    at model.Query.Query.then (C:\\Users\\devrj\\finance-app\\app\\node_modules\\mongoose\\lib\\query.js:4768:15)\n    at processTicksAndRejections (node:internal/process/task_queues:96:5)","stringValue":"\"undefined\"","value":"undefined","valueType":"string"}
{"kind":"ObjectId","level":"error","message":"Cast to ObjectId failed for value \"undefined\" (type string) at path \"_id\" for model \"Users\" Cast to ObjectId failed for value \"undefined\" (type string) at path \"_id\" for model \"Users\"","path":"_id","reason":{},"stack":"CastError: Cast to ObjectId failed for value \"undefined\" (type string) at path \"_id\" for model \"Users\"\n    at model.Query.exec (C:\\Users\\devrj\\finance-app\\app\\node_modules\\mongoose\\lib\\query.js:4669:21)\n    at model.Query.Query.then (C:\\Users\\devrj\\finance-app\\app\\node_modules\\mongoose\\lib\\query.js:4768:15)\n    at processTicksAndRejections (node:internal/process/task_queues:96:5)","stringValue":"\"undefined\"","value":"undefined","valueType":"string"}
{"kind":"ObjectId","level":"error","message":"Cast to ObjectId failed for value \"undefined\" (type string) at path \"_id\" for model \"Users\" Cast to ObjectId failed for value \"undefined\" (type string) at path \"_id\" for model \"Users\"","path":"_id","reason":{},"stack":"CastError: Cast to ObjectId failed for value \"undefined\" (type string) at path \"_id\" for model \"Users\"\n    at model.Query.exec (C:\\Users\\devrj\\finance-app\\app\\node_modules\\mongoose\\lib\\query.js:4669:21)\n    at model.Query.Query.then (C:\\Users\\devrj\\finance-app\\app\\node_modules\\mongoose\\lib\\query.js:4768:15)\n    at processTicksAndRejections (node:internal/process/task_queues:96:5)","stringValue":"\"undefined\"","value":"undefined","valueType":"string"}
{"kind":"ObjectId","level":"error","message":"Cast to ObjectId failed for value \"undefined\" (type string) at path \"_id\" for model \"Users\" Cast to ObjectId failed for value \"undefined\" (type string) at path \"_id\" for model \"Users\"","path":"_id","reason":{},"stack":"CastError: Cast to ObjectId failed for value \"undefined\" (type string) at path \"_id\" for model \"Users\"\n    at model.Query.exec (C:\\Users\\devrj\\finance-app\\app\\node_modules\\mongoose\\lib\\query.js:4669:21)\n    at model.Query.Query.then (C:\\Users\\devrj\\finance-app\\app\\node_modules\\mongoose\\lib\\query.js:4768:15)\n    at processTicksAndRejections (node:internal/process/task_queues:96:5)","stringValue":"\"undefined\"","value":"undefined","valueType":"string"}
{"level":"info","message":"Listening on port 3001..."}
{"level":"info","message":"Connected to mongodb+srv://finance-app:finance-app@cluster0.wk8q8.mongodb.net/finance-app?retryWrites=true&w=majority..."}
{"kind":"ObjectId","level":"error","message":"Cast to ObjectId failed for value \"undefined\" (type string) at path \"_id\" for model \"Users\" Cast to ObjectId failed for value \"undefined\" (type string) at path \"_id\" for model \"Users\"","path":"_id","reason":{},"stack":"CastError: Cast to ObjectId failed for value \"undefined\" (type string) at path \"_id\" for model \"Users\"\n    at model.Query.exec (C:\\Users\\devrj\\finance-app\\app\\node_modules\\mongoose\\lib\\query.js:4669:21)\n    at model.Query.Query.then (C:\\Users\\devrj\\finance-app\\app\\node_modules\\mongoose\\lib\\query.js:4768:15)\n    at processTicksAndRejections (node:internal/process/task_queues:96:5)","stringValue":"\"undefined\"","value":"undefined","valueType":"string"}
{"level":"info","message":"Listening on port 3001..."}
{"level":"info","message":"Connected to mongodb+srv://finance-app:finance-app@cluster0.wk8q8.mongodb.net/finance-app?retryWrites=true&w=majority..."}
{"kind":"ObjectId","level":"error","message":"Cast to ObjectId failed for value \"undefined\" (type string) at path \"_id\" for model \"Users\" Cast to ObjectId failed for value \"undefined\" (type string) at path \"_id\" for model \"Users\"","path":"_id","reason":{},"stack":"CastError: Cast to ObjectId failed for value \"undefined\" (type string) at path \"_id\" for model \"Users\"\n    at model.Query.exec (C:\\Users\\devrj\\finance-app\\app\\node_modules\\mongoose\\lib\\query.js:4669:21)\n    at model.Query.Query.then (C:\\Users\\devrj\\finance-app\\app\\node_modules\\mongoose\\lib\\query.js:4768:15)\n    at processTicksAndRejections (node:internal/process/task_queues:96:5)","stringValue":"\"undefined\"","value":"undefined","valueType":"string"}
{"kind":"ObjectId","level":"error","message":"Cast to ObjectId failed for value \"undefined\" (type string) at path \"_id\" for model \"Users\" Cast to ObjectId failed for value \"undefined\" (type string) at path \"_id\" for model \"Users\"","path":"_id","reason":{},"stack":"CastError: Cast to ObjectId failed for value \"undefined\" (type string) at path \"_id\" for model \"Users\"\n    at model.Query.exec (C:\\Users\\devrj\\finance-app\\app\\node_modules\\mongoose\\lib\\query.js:4669:21)\n    at model.Query.Query.then (C:\\Users\\devrj\\finance-app\\app\\node_modules\\mongoose\\lib\\query.js:4768:15)\n    at processTicksAndRejections (node:internal/process/task_queues:96:5)","stringValue":"\"undefined\"","value":"undefined","valueType":"string"}
{"kind":"ObjectId","level":"error","message":"Cast to ObjectId failed for value \"undefined\" (type string) at path \"_id\" for model \"Users\" Cast to ObjectId failed for value \"undefined\" (type string) at path \"_id\" for model \"Users\"","path":"_id","reason":{},"stack":"CastError: Cast to ObjectId failed for value \"undefined\" (type string) at path \"_id\" for model \"Users\"\n    at model.Query.exec (C:\\Users\\devrj\\finance-app\\app\\node_modules\\mongoose\\lib\\query.js:4669:21)\n    at model.Query.Query.then (C:\\Users\\devrj\\finance-app\\app\\node_modules\\mongoose\\lib\\query.js:4768:15)\n    at processTicksAndRejections (node:internal/process/task_queues:96:5)","stringValue":"\"undefined\"","value":"undefined","valueType":"string"}
{"kind":"ObjectId","level":"error","message":"Cast to ObjectId failed for value \"undefined\" (type string) at path \"_id\" for model \"Users\" Cast to ObjectId failed for value \"undefined\" (type string) at path \"_id\" for model \"Users\"","path":"_id","reason":{},"stack":"CastError: Cast to ObjectId failed for value \"undefined\" (type string) at path \"_id\" for model \"Users\"\n    at model.Query.exec (C:\\Users\\devrj\\finance-app\\app\\node_modules\\mongoose\\lib\\query.js:4669:21)\n    at model.Query.Query.then (C:\\Users\\devrj\\finance-app\\app\\node_modules\\mongoose\\lib\\query.js:4768:15)\n    at processTicksAndRejections (node:internal/process/task_queues:96:5)","stringValue":"\"undefined\"","value":"undefined","valueType":"string"}
{"kind":"ObjectId","level":"error","message":"Cast to ObjectId failed for value \"undefined\" (type string) at path \"_id\" for model \"Users\" Cast to ObjectId failed for value \"undefined\" (type string) at path \"_id\" for model \"Users\"","path":"_id","reason":{},"stack":"CastError: Cast to ObjectId failed for value \"undefined\" (type string) at path \"_id\" for model \"Users\"\n    at model.Query.exec (C:\\Users\\devrj\\finance-app\\app\\node_modules\\mongoose\\lib\\query.js:4669:21)\n    at model.Query.Query.then (C:\\Users\\devrj\\finance-app\\app\\node_modules\\mongoose\\lib\\query.js:4768:15)\n    at processTicksAndRejections (node:internal/process/task_queues:96:5)","stringValue":"\"undefined\"","value":"undefined","valueType":"string"}
{"level":"info","message":"Listening on port 3001..."}
{"level":"info","message":"Connected to mongodb+srv://finance-app:finance-app@cluster0.wk8q8.mongodb.net/finance-app?retryWrites=true&w=majority..."}
{"level":"info","message":"Listening on port 3001..."}
{"level":"info","message":"Connected to mongodb+srv://finance-app:finance-app@cluster0.wk8q8.mongodb.net/finance-app?retryWrites=true&w=majority..."}
{"level":"info","message":"Listening on port 3001..."}
{"level":"info","message":"Connected to mongodb+srv://finance-app:finance-app@cluster0.wk8q8.mongodb.net/finance-app?retryWrites=true&w=majority..."}
{"kind":"ObjectId","level":"error","message":"Cast to ObjectId failed for value \"undefined\" (type string) at path \"_id\" for model \"Transactions\" Cast to ObjectId failed for value \"undefined\" (type string) at path \"_id\" for model \"Transactions\"","path":"_id","reason":{},"stack":"CastError: Cast to ObjectId failed for value \"undefined\" (type string) at path \"_id\" for model \"Transactions\"\n    at model.Query.exec (C:\\Users\\devrj\\finance-app\\app\\node_modules\\mongoose\\lib\\query.js:4669:21)\n    at model.Query.Query.then (C:\\Users\\devrj\\finance-app\\app\\node_modules\\mongoose\\lib\\query.js:4768:15)\n    at runMicrotasks (<anonymous>)\n    at processTicksAndRejections (node:internal/process/task_queues:96:5)","stringValue":"\"undefined\"","value":"undefined","valueType":"string"}
{"kind":"ObjectId","level":"error","message":"Cast to ObjectId failed for value \"undefined\" (type string) at path \"_id\" for model \"Transactions\" Cast to ObjectId failed for value \"undefined\" (type string) at path \"_id\" for model \"Transactions\"","path":"_id","reason":{},"stack":"CastError: Cast to ObjectId failed for value \"undefined\" (type string) at path \"_id\" for model \"Transactions\"\n    at model.Query.exec (C:\\Users\\devrj\\finance-app\\app\\node_modules\\mongoose\\lib\\query.js:4669:21)\n    at model.Query.Query.then (C:\\Users\\devrj\\finance-app\\app\\node_modules\\mongoose\\lib\\query.js:4768:15)\n    at runMicrotasks (<anonymous>)\n    at processTicksAndRejections (node:internal/process/task_queues:96:5)","stringValue":"\"undefined\"","value":"undefined","valueType":"string"}
{"kind":"ObjectId","level":"error","message":"Cast to ObjectId failed for value \"undefined\" (type string) at path \"_id\" for model \"Transactions\" Cast to ObjectId failed for value \"undefined\" (type string) at path \"_id\" for model \"Transactions\"","path":"_id","reason":{},"stack":"CastError: Cast to ObjectId failed for value \"undefined\" (type string) at path \"_id\" for model \"Transactions\"\n    at model.Query.exec (C:\\Users\\devrj\\finance-app\\app\\node_modules\\mongoose\\lib\\query.js:4669:21)\n    at model.Query.Query.then (C:\\Users\\devrj\\finance-app\\app\\node_modules\\mongoose\\lib\\query.js:4768:15)\n    at runMicrotasks (<anonymous>)\n    at processTicksAndRejections (node:internal/process/task_queues:96:5)","stringValue":"\"undefined\"","value":"undefined","valueType":"string"}
{"level":"info","message":"Listening on port 3001..."}
{"level":"info","message":"Connected to mongodb+srv://finance-app:finance-app@cluster0.wk8q8.mongodb.net/finance-app?retryWrites=true&w=majority..."}
{"level":"info","message":"Listening on port 3001..."}
{"level":"info","message":"Connected to mongodb+srv://finance-app:finance-app@cluster0.wk8q8.mongodb.net/finance-app?retryWrites=true&w=majority..."}
{"level":"info","message":"Listening on port 3001..."}
{"level":"info","message":"Connected to mongodb+srv://finance-app:finance-app@cluster0.wk8q8.mongodb.net/finance-app?retryWrites=true&w=majority..."}
{"level":"info","message":"Listening on port 3001..."}
{"level":"error","message":"Operation `users.findOne()` buffering timed out after 10000ms Operation `users.findOne()` buffering timed out after 10000ms","stack":"MongooseError: Operation `users.findOne()` buffering timed out after 10000ms\n    at Timeout.<anonymous> (C:\\Users\\devrj\\finance-app\\app\\node_modules\\mongoose\\lib\\drivers\\node-mongodb-native\\collection.js:151:23)\n    at listOnTimeout (node:internal/timers:557:17)\n    at processTimers (node:internal/timers:500:7)"}
{"level":"info","message":"Connected to mongodb+srv://finance-app:finance-app@cluster0.wk8q8.mongodb.net/finance-app?retryWrites=true&w=majority..."}
{"kind":"ObjectId","level":"error","message":"Cast to ObjectId failed for value \"undefined\" (type string) at path \"_id\" for model \"Transactions\" Cast to ObjectId failed for value \"undefined\" (type string) at path \"_id\" for model \"Transactions\"","path":"_id","reason":{},"stack":"CastError: Cast to ObjectId failed for value \"undefined\" (type string) at path \"_id\" for model \"Transactions\"\n    at model.Query.exec (C:\\Users\\devrj\\finance-app\\app\\node_modules\\mongoose\\lib\\query.js:4669:21)\n    at model.Query.Query.then (C:\\Users\\devrj\\finance-app\\app\\node_modules\\mongoose\\lib\\query.js:4768:15)\n    at processTicksAndRejections (node:internal/process/task_queues:96:5)","stringValue":"\"undefined\"","value":"undefined","valueType":"string"}
{"level":"info","message":"Listening on port 3001..."}
{"level":"info","message":"Connected to mongodb+srv://finance-app:finance-app@cluster0.wk8q8.mongodb.net/finance-app?retryWrites=true&w=majority..."}
{"level":"info","message":"Listening on port 3001..."}
{"level":"info","message":"Listening on port 3001..."}
{"level":"info","message":"Connected to mongodb+srv://finance-app:finance-app@cluster0.wk8q8.mongodb.net/finance-app?retryWrites=true&w=majority..."}
{"level":"info","message":"Listening on port 3001..."}
{"level":"info","message":"Connected to mongodb+srv://finance-app:finance-app@cluster0.wk8q8.mongodb.net/finance-app?retryWrites=true&w=majority..."}
{"kind":"ObjectId","level":"error","message":"Cast to ObjectId failed for value \"undefined\" (type string) at path \"_id\" for model \"Transactions\" Cast to ObjectId failed for value \"undefined\" (type string) at path \"_id\" for model \"Transactions\"","path":"_id","reason":{},"stack":"CastError: Cast to ObjectId failed for value \"undefined\" (type string) at path \"_id\" for model \"Transactions\"\n    at model.Query.exec (C:\\Users\\devrj\\finance-app\\app\\node_modules\\mongoose\\lib\\query.js:4669:21)\n    at model.Query.Query.then (C:\\Users\\devrj\\finance-app\\app\\node_modules\\mongoose\\lib\\query.js:4768:15)\n    at processTicksAndRejections (node:internal/process/task_queues:96:5)","stringValue":"\"undefined\"","value":"undefined","valueType":"string"}
{"kind":"ObjectId","level":"error","message":"Cast to ObjectId failed for value \"undefined\" (type string) at path \"_id\" for model \"Transactions\" Cast to ObjectId failed for value \"undefined\" (type string) at path \"_id\" for model \"Transactions\"","path":"_id","reason":{},"stack":"CastError: Cast to ObjectId failed for value \"undefined\" (type string) at path \"_id\" for model \"Transactions\"\n    at model.Query.exec (C:\\Users\\devrj\\finance-app\\app\\node_modules\\mongoose\\lib\\query.js:4669:21)\n    at model.Query.Query.then (C:\\Users\\devrj\\finance-app\\app\\node_modules\\mongoose\\lib\\query.js:4768:15)\n    at runMicrotasks (<anonymous>)\n    at processTicksAndRejections (node:internal/process/task_queues:96:5)","stringValue":"\"undefined\"","value":"undefined","valueType":"string"}
{"level":"info","message":"Listening on port 3001..."}
{"level":"info","message":"Connected to mongodb+srv://finance-app:finance-app@cluster0.wk8q8.mongodb.net/finance-app?retryWrites=true&w=majority..."}
{"kind":"ObjectId","level":"error","message":"Cast to ObjectId failed for value \"undefined\" (type string) at path \"_id\" for model \"Transactions\" Cast to ObjectId failed for value \"undefined\" (type string) at path \"_id\" for model \"Transactions\"","path":"_id","reason":{},"stack":"CastError: Cast to ObjectId failed for value \"undefined\" (type string) at path \"_id\" for model \"Transactions\"\n    at model.Query.exec (C:\\Users\\devrj\\finance-app\\app\\node_modules\\mongoose\\lib\\query.js:4669:21)\n    at model.Query.Query.then (C:\\Users\\devrj\\finance-app\\app\\node_modules\\mongoose\\lib\\query.js:4768:15)\n    at processTicksAndRejections (node:internal/process/task_queues:96:5)","stringValue":"\"undefined\"","value":"undefined","valueType":"string"}
{"level":"info","message":"Listening on port 3001..."}
{"level":"info","message":"Connected to mongodb+srv://finance-app:finance-app@cluster0.wk8q8.mongodb.net/finance-app?retryWrites=true&w=majority..."}
{"level":"info","message":"Listening on port 3001..."}
{"level":"info","message":"Connected to mongodb+srv://finance-app:finance-app@cluster0.wk8q8.mongodb.net/finance-app?retryWrites=true&w=majority..."}
{"level":"error","message":"Could not connect to any servers in your MongoDB Atlas cluster. One common reason is that you're trying to access the database from an IP that isn't whitelisted. Make sure your current IP address is on your Atlas cluster's IP whitelist: https://docs.atlas.mongodb.com/security-whitelist/ Could not connect to any servers in your MongoDB Atlas cluster. One common reason is that you're trying to access the database from an IP that isn't whitelisted. Make sure your current IP address is on your Atlas cluster's IP whitelist: https://docs.atlas.mongodb.com/security-whitelist/","reason":{"commonWireVersion":13,"compatible":true,"heartbeatFrequencyMS":10000,"localThresholdMS":15,"maxElectionId":"7fffffff0000000000000071","maxSetVersion":8,"servers":{},"setName":"atlas-nhrq1d-shard-0","stale":false,"type":"ReplicaSetNoPrimary"},"stack":"MongooseServerSelectionError: Could not connect to any servers in your MongoDB Atlas cluster. One common reason is that you're trying to access the database from an IP that isn't whitelisted. Make sure your current IP address is on your Atlas cluster's IP whitelist: https://docs.atlas.mongodb.com/security-whitelist/\n    at Function.Model.$wrapCallback (C:\\Users\\devrj\\finance-app\\app\\node_modules\\mongoose\\lib\\model.js:5017:32)\n    at C:\\Users\\devrj\\finance-app\\app\\node_modules\\mongoose\\lib\\query.js:4686:21\n    at C:\\Users\\devrj\\finance-app\\app\\node_modules\\mongoose\\lib\\helpers\\promiseOrCallback.js:32:5\n    at new Promise (<anonymous>)\n    at promiseOrCallback (C:\\Users\\devrj\\finance-app\\app\\node_modules\\mongoose\\lib\\helpers\\promiseOrCallback.js:31:10)\n    at model.Query.exec (C:\\Users\\devrj\\finance-app\\app\\node_modules\\mongoose\\lib\\query.js:4685:10)\n    at model.Query.Query.then (C:\\Users\\devrj\\finance-app\\app\\node_modules\\mongoose\\lib\\query.js:4768:15)\n    at processTicksAndRejections (node:internal/process/task_queues:96:5)"}
{"level":"error","message":"Could not connect to any servers in your MongoDB Atlas cluster. One common reason is that you're trying to access the database from an IP that isn't whitelisted. Make sure your current IP address is on your Atlas cluster's IP whitelist: https://docs.atlas.mongodb.com/security-whitelist/ Could not connect to any servers in your MongoDB Atlas cluster. One common reason is that you're trying to access the database from an IP that isn't whitelisted. Make sure your current IP address is on your Atlas cluster's IP whitelist: https://docs.atlas.mongodb.com/security-whitelist/","reason":{"commonWireVersion":13,"compatible":true,"heartbeatFrequencyMS":10000,"localThresholdMS":15,"maxElectionId":"7fffffff0000000000000071","maxSetVersion":8,"servers":{},"setName":"atlas-nhrq1d-shard-0","stale":false,"type":"ReplicaSetNoPrimary"},"stack":"MongooseServerSelectionError: Could not connect to any servers in your MongoDB Atlas cluster. One common reason is that you're trying to access the database from an IP that isn't whitelisted. Make sure your current IP address is on your Atlas cluster's IP whitelist: https://docs.atlas.mongodb.com/security-whitelist/\n    at Function.Model.$wrapCallback (C:\\Users\\devrj\\finance-app\\app\\node_modules\\mongoose\\lib\\model.js:5017:32)\n    at C:\\Users\\devrj\\finance-app\\app\\node_modules\\mongoose\\lib\\query.js:4686:21\n    at C:\\Users\\devrj\\finance-app\\app\\node_modules\\mongoose\\lib\\helpers\\promiseOrCallback.js:32:5\n    at new Promise (<anonymous>)\n    at promiseOrCallback (C:\\Users\\devrj\\finance-app\\app\\node_modules\\mongoose\\lib\\helpers\\promiseOrCallback.js:31:10)\n    at model.Query.exec (C:\\Users\\devrj\\finance-app\\app\\node_modules\\mongoose\\lib\\query.js:4685:10)\n    at model.Query.Query.then (C:\\Users\\devrj\\finance-app\\app\\node_modules\\mongoose\\lib\\query.js:4768:15)\n    at processTicksAndRejections (node:internal/process/task_queues:96:5)"}
{"level":"error","message":"Could not connect to any servers in your MongoDB Atlas cluster. One common reason is that you're trying to access the database from an IP that isn't whitelisted. Make sure your current IP address is on your Atlas cluster's IP whitelist: https://docs.atlas.mongodb.com/security-whitelist/ Could not connect to any servers in your MongoDB Atlas cluster. One common reason is that you're trying to access the database from an IP that isn't whitelisted. Make sure your current IP address is on your Atlas cluster's IP whitelist: https://docs.atlas.mongodb.com/security-whitelist/","reason":{"commonWireVersion":13,"compatible":true,"heartbeatFrequencyMS":10000,"localThresholdMS":15,"maxElectionId":"7fffffff0000000000000071","maxSetVersion":8,"servers":{},"setName":"atlas-nhrq1d-shard-0","stale":false,"type":"ReplicaSetNoPrimary"},"stack":"MongooseServerSelectionError: Could not connect to any servers in your MongoDB Atlas cluster. One common reason is that you're trying to access the database from an IP that isn't whitelisted. Make sure your current IP address is on your Atlas cluster's IP whitelist: https://docs.atlas.mongodb.com/security-whitelist/\n    at Function.Model.$wrapCallback (C:\\Users\\devrj\\finance-app\\app\\node_modules\\mongoose\\lib\\model.js:5017:32)\n    at C:\\Users\\devrj\\finance-app\\app\\node_modules\\mongoose\\lib\\query.js:4686:21\n    at C:\\Users\\devrj\\finance-app\\app\\node_modules\\mongoose\\lib\\helpers\\promiseOrCallback.js:32:5\n    at new Promise (<anonymous>)\n    at promiseOrCallback (C:\\Users\\devrj\\finance-app\\app\\node_modules\\mongoose\\lib\\helpers\\promiseOrCallback.js:31:10)\n    at model.Query.exec (C:\\Users\\devrj\\finance-app\\app\\node_modules\\mongoose\\lib\\query.js:4685:10)\n    at model.Query.Query.then (C:\\Users\\devrj\\finance-app\\app\\node_modules\\mongoose\\lib\\query.js:4768:15)\n    at runMicrotasks (<anonymous>)\n    at processTicksAndRejections (node:internal/process/task_queues:96:5)"}
{"level":"info","message":"Listening on port 3001..."}
{"level":"info","message":"Connected to mongodb+srv://finance-app:finance-app@cluster0.wk8q8.mongodb.net/finance-app?retryWrites=true&w=majority..."}
{"level":"info","message":"Listening on port 3001..."}
{"level":"info","message":"Connected to mongodb+srv://finance-app:finance-app@cluster0.wk8q8.mongodb.net/finance-app?retryWrites=true&w=majority..."}
{"level":"info","message":"Connected to mongodb+srv://finance-app:finance-app@cluster0.wk8q8.mongodb.net/finance-app?retryWrites=true&w=majority..."}
{"level":"info","message":"Listening on port 3001..."}
{"level":"info","message":"Connected to mongodb+srv://finance-app:finance-app@cluster0.wk8q8.mongodb.net/finance-app?retryWrites=true&w=majority..."}
{"level":"info","message":"Listening on port 3001..."}
{"level":"info","message":"Connected to mongodb+srv://finance-app:finance-app@cluster0.wk8q8.mongodb.net/finance-app?retryWrites=true&w=majority..."}
{"level":"info","message":"Listening on port 3001..."}
{"level":"info","message":"Connected to mongodb+srv://finance-app:finance-app@cluster0.wk8q8.mongodb.net/finance-app?retryWrites=true&w=majority..."}
{"level":"info","message":"Connected to mongodb+srv://finance-app:finance-app@cluster0.wk8q8.mongodb.net/finance-app?retryWrites=true&w=majority..."}
{"level":"info","message":"Connected to mongodb+srv://finance-app:finance-app@cluster0.wk8q8.mongodb.net/finance-app?retryWrites=true&w=majority..."}
{"level":"info","message":"Connected to mongodb+srv://finance-app:finance-app@cluster0.wk8q8.mongodb.net/finance-app?retryWrites=true&w=majority..."}
{"level":"info","message":"Connected to mongodb+srv://finance-app:finance-app@cluster0.wk8q8.mongodb.net/finance-app?retryWrites=true&w=majority..."}
{"level":"info","message":"Listening on port 3001..."}
{"level":"info","message":"Connected to mongodb+srv://finance-app:finance-app@cluster0.wk8q8.mongodb.net/finance-app?retryWrites=true&w=majority..."}
{"level":"info","message":"Listening on port 3001..."}
{"level":"info","message":"Connected to mongodb+srv://finance-app:finance-app@cluster0.wk8q8.mongodb.net/finance-app?retryWrites=true&w=majority..."}
{"level":"info","message":"Connected to mongodb+srv://finance-app:finance-app@cluster0.wk8q8.mongodb.net/finance-app?retryWrites=true&w=majority..."}
{"level":"info","message":"Listening on port 3001..."}
{"level":"info","message":"Connected to mongodb+srv://finance-app:finance-app@cluster0.wk8q8.mongodb.net/finance-app?retryWrites=true&w=majority..."}
{"level":"info","message":"Connected to mongodb+srv://finance-app:finance-app@cluster0.wk8q8.mongodb.net/finance-app?retryWrites=true&w=majority..."}
{"level":"info","message":"Connected to mongodb+srv://finance-app:finance-app@cluster0.wk8q8.mongodb.net/finance-app?retryWrites=true&w=majority..."}
{"level":"info","message":"Listening on port 3001..."}
{"level":"info","message":"Listening on port 3001..."}
{"level":"info","message":"Connected to mongodb+srv://finance-app:finance-app@cluster0.wk8q8.mongodb.net/finance-app?retryWrites=true&w=majority..."}
